0 info it worked if it ends with ok
1 verbose cli [ '/usr/local/bin/node', '/usr/local/bin/npm', 'run', 'dev-sass' ]
2 info using npm@3.9.5
3 info using node@v6.2.2
4 verbose run-script [ 'predev-sass', 'dev-sass', 'postdev-sass' ]
5 info lifecycle getable_ratingsystem@1.0.0~predev-sass: getable_ratingsystem@1.0.0
6 silly lifecycle getable_ratingsystem@1.0.0~predev-sass: no script for predev-sass, continuing
7 info lifecycle getable_ratingsystem@1.0.0~dev-sass: getable_ratingsystem@1.0.0
8 verbose lifecycle getable_ratingsystem@1.0.0~dev-sass: unsafe-perm in lifecycle true
9 verbose lifecycle getable_ratingsystem@1.0.0~dev-sass: PATH: /usr/local/lib/node_modules/npm/bin/node-gyp-bin:/Users/jordanchong/Desktop/Post_Projects/getable_ratingsystem/node_modules/.bin:/usr/local/bin:/usr/bin:/bin:/usr/sbin:/sbin:/usr/local/bin:/usr/bin:/bin:/usr/sbin:/sbin:/Applications/Postgres.app/Contents/Versions/latest/bin
10 verbose lifecycle getable_ratingsystem@1.0.0~dev-sass: CWD: /Users/jordanchong/Desktop/Post_Projects/getable_ratingsystem
11 silly lifecycle getable_ratingsystem@1.0.0~dev-sass: Args: [ '-c',
11 silly lifecycle   'node-sass -o client/public/styles client/src/app/main.scss -w -r' ]
12 silly lifecycle getable_ratingsystem@1.0.0~dev-sass: Returned: code: 1  signal: null
13 info lifecycle getable_ratingsystem@1.0.0~dev-sass: Failed to exec dev-sass script
14 verbose stack Error: getable_ratingsystem@1.0.0 dev-sass: `node-sass -o client/public/styles client/src/app/main.scss -w -r`
14 verbose stack Exit status 1
14 verbose stack     at EventEmitter.<anonymous> (/usr/local/lib/node_modules/npm/lib/utils/lifecycle.js:245:16)
14 verbose stack     at emitTwo (events.js:106:13)
14 verbose stack     at EventEmitter.emit (events.js:191:7)
14 verbose stack     at ChildProcess.<anonymous> (/usr/local/lib/node_modules/npm/lib/utils/spawn.js:24:14)
14 verbose stack     at emitTwo (events.js:106:13)
14 verbose stack     at ChildProcess.emit (events.js:191:7)
14 verbose stack     at maybeClose (internal/child_process.js:852:16)
14 verbose stack     at Process.ChildProcess._handle.onexit (internal/child_process.js:215:5)
15 verbose pkgid getable_ratingsystem@1.0.0
16 verbose cwd /Users/jordanchong/Desktop/Post_Projects/getable_ratingsystem
17 error Darwin 15.6.0
18 error argv "/usr/local/bin/node" "/usr/local/bin/npm" "run" "dev-sass"
19 error node v6.2.2
20 error npm  v3.9.5
21 error code ELIFECYCLE
22 error getable_ratingsystem@1.0.0 dev-sass: `node-sass -o client/public/styles client/src/app/main.scss -w -r`
22 error Exit status 1
23 error Failed at the getable_ratingsystem@1.0.0 dev-sass script 'node-sass -o client/public/styles client/src/app/main.scss -w -r'.
23 error Make sure you have the latest version of node.js and npm installed.
23 error If you do, this is most likely a problem with the getable_ratingsystem package,
23 error not with npm itself.
23 error Tell the author that this fails on your system:
23 error     node-sass -o client/public/styles client/src/app/main.scss -w -r
23 error You can get information on how to open an issue for this project with:
23 error     npm bugs getable_ratingsystem
23 error Or if that isn't available, you can get their info via:
23 error     npm owner ls getable_ratingsystem
23 error There is likely additional logging output above.
24 verbose exit [ 1, true ]
